<?xml version="1.0" encoding="UTF-8"?>
<testsuite name="ZookeeperTest" tests="1" skipped="0" failures="0" errors="0" timestamp="2024-12-27T19:25:53" hostname="MacBook-Pro-Timur.local" time="0.064">
  <properties/>
  <testcase name="start" classname="ZookeeperTest" time="0.064"/>
  <system-out><![CDATA[?[1;31m
Start test 1?[0m
> 1
Please enter the number of the habitat you would like to view:
Switching on the camera in the lion habitat...
                                               ,w.
                                             ,YWMMw  ,M  ,
                        _.---.._   __..---._.'MMMMMw,wMWmW,
                   _.-""        '''           YP"WMMMMMMMMMb,
                .-' __.'                   .'     MMMMW^WMMMM;
    _,        .'.-'"; `,       /`     .--""      :MMM[==MWMW^;
 ,mM^"     ,-'.'   /   ;      ;      /   ,       MMMMb_wMW"  @\
,MM:.    .'.-'   .'     ;     `\    ;     `,     MMMMMMMW `"=./`-,
WMMm__,-'.'     /      _.\      F'''-+,,   ;_,_.dMMMMMMMM[,_ / `=_}
"^MP__.-'    ,-' _.--""   `-,   ;       \  ; ;MMMMMMMMMMW^``; __|
           /   .'            ; ;         )  )`{  \ `"^W^`,   \  :
          /  .'             /  (       .'  /     Ww._     `.  `"
         /  Y,              `,  `-,=,_{   ;      MMMP`""-,  `-._.-,
        (--, )                `,_ / `) \/"")      ^"      `-, -;"\:
The lion is roaring!
---
You've reached the end of the program. To check another habitat, please restart the watcher.
> exit
?[1;31m
Start test 2?[0m
> 3
Please enter the number of the habitat you would like to view:
Switching on the camera in the goose habitat...

                                    _
                                ,-"" "".
                              ,'  ____  `.
                            ,'  ,'    `.  `._
   (`.         _..--.._   ,'  ,'        \    \
  (`-.\    .-""        ""'   /          (  d _b
 (`._  `-"" ,._             (            `-(   \
 <_  `     (  <`<            \              `-._\
  <`-       (__< <           :
   (__        (_<_<          ;
    `------------------------------------------
The goose is staring intently at you... Maybe it's time to change the channel?
---
You've reached the end of the program. To check another habitat, please restart the watcher.
> exit
?[1;31m
Start test 3?[0m
> 5
Please enter the number of the habitat you would like to view:
Switching on the camera in the rabbit habitat...
         ,
        /|      __
       / |   ,-~ /
      Y :|  //  /
      | jj /( .^
      >-"~"-v"
     /       Y
    jo  o    |
   ( ~T~     j
    >._-' _./
   /   "~"  |
  Y     _,  |
 /| ;-"~ _  l
/ l/ ,-"~    \
\//\/      .- \
 Y        /    Y
 l       I     !
 ]\      _\    /"\
(" ~----( ~   Y.  )
It looks like we will soon have more rabbits!
---
You've reached the end of the program. To check another habitat, please restart the watcher.
> exit
?[1;31m
Start test 4?[0m
> 0
Please enter the number of the habitat you would like to view:
Switching on the camera in the camel habitat...
 ___.-''''-.
/___  @    |
',,,,.     |         _.'''''''._
     '     |        /           \
     |     \    _.-'             \
     |      '.-'                  '-.
     |                               ',
     |                                '',
      ',,-,                           ':;
           ',,| ;,,                 ,' ;;
              ! ; !'',,,',',,,,'!  ;   ;:
             : ;  ! !       ! ! ;  ;   :;
             ; ;   ! !      ! !  ; ;   ;,
            ; ;    ! !     ! !   ; ;
            ; ;    ! !    ! !     ; ;
           ;,,      !,!   !,!     ;,;
           /_I      L_I   L_I     /_I
Look at that! Our little camel is sunbathing!
---
You've reached the end of the program. To check another habitat, please restart the watcher.
> 2
Please enter the number of the habitat you would like to view:
Switching on the camera in the deer habitat...
   /|       |\
`__\       //__'
   ||      ||
 \__`\     |'__/
   `_\   //_'
   _.,:---;,._
   \_:     :_/
     |@. .@|
     |     |
     ,\.-./ \
     ;;`-'   `---__________-----.-.
     ;;;                         \_\
     ';;;                         |
      ;    |                      ;
       \   \     \        |      /
        \_, \    /        \     |\
          |';|  |,,,,,,,,/ \    \ \_
          |  |  |           \   /   |
          \  \  |           |  / \  |
           | || |           | |   | |
           | || |           | |   | |
           | || |           | |   | |
           |_||_|           |_|   |_|
          /_//_/           /_/   /_/
Our 'Bambi' looks hungry. Let's go to feed it!
---
You've reached the end of the program. To check another habitat, please restart the watcher.
> 4
Please enter the number of the habitat you would like to view:
Switching on the camera in the bat habitat...
_________________               _________________
 ~-.              \  |\___/|  /              .-~
     ~-.           \ / o o \ /           .-~
        >           \  W  //           <
       /             /~---~\             \
      /_            |       |            _\
         ~-.        |       |        .-~
            ;        \     /        i
           /___      /\   /\      ___\
                ~-. /  \_/  \ .-~
                   V         V
This bat looks like it's doing fine.
---
You've reached the end of the program. To check another habitat, please restart the watcher.
> exit
?[1;31m
Start test 5?[0m
> 0
Please enter the number of the habitat you would like to view:
Switching on the camera in the camel habitat...
 ___.-''''-.
/___  @    |
',,,,.     |         _.'''''''._
     '     |        /           \
     |     \    _.-'             \
     |      '.-'                  '-.
     |                               ',
     |                                '',
      ',,-,                           ':;
           ',,| ;,,                 ,' ;;
              ! ; !'',,,',',,,,'!  ;   ;:
             : ;  ! !       ! ! ;  ;   :;
             ; ;   ! !      ! !  ; ;   ;,
            ; ;    ! !     ! !   ; ;
            ; ;    ! !    ! !     ; ;
           ;,,      !,!   !,!     ;,;
           /_I      L_I   L_I     /_I
Look at that! Our little camel is sunbathing!
---
You've reached the end of the program. To check another habitat, please restart the watcher.
> 1
Please enter the number of the habitat you would like to view:
Switching on the camera in the lion habitat...
                                               ,w.
                                             ,YWMMw  ,M  ,
                        _.---.._   __..---._.'MMMMMw,wMWmW,
                   _.-""        '''           YP"WMMMMMMMMMb,
                .-' __.'                   .'     MMMMW^WMMMM;
    _,        .'.-'"; `,       /`     .--""      :MMM[==MWMW^;
 ,mM^"     ,-'.'   /   ;      ;      /   ,       MMMMb_wMW"  @\
,MM:.    .'.-'   .'     ;     `\    ;     `,     MMMMMMMW `"=./`-,
WMMm__,-'.'     /      _.\      F'''-+,,   ;_,_.dMMMMMMMM[,_ / `=_}
"^MP__.-'    ,-' _.--""   `-,   ;       \  ; ;MMMMMMMMMMW^``; __|
           /   .'            ; ;         )  )`{  \ `"^W^`,   \  :
          /  .'             /  (       .'  /     Ww._     `.  `"
         /  Y,              `,  `-,=,_{   ;      MMMP`""-,  `-._.-,
        (--, )                `,_ / `) \/"")      ^"      `-, -;"\:
The lion is roaring!
---
You've reached the end of the program. To check another habitat, please restart the watcher.
> 2
Please enter the number of the habitat you would like to view:
Switching on the camera in the deer habitat...
   /|       |\
`__\       //__'
   ||      ||
 \__`\     |'__/
   `_\   //_'
   _.,:---;,._
   \_:     :_/
     |@. .@|
     |     |
     ,\.-./ \
     ;;`-'   `---__________-----.-.
     ;;;                         \_\
     ';;;                         |
      ;    |                      ;
       \   \     \        |      /
        \_, \    /        \     |\
          |';|  |,,,,,,,,/ \    \ \_
          |  |  |           \   /   |
          \  \  |           |  / \  |
           | || |           | |   | |
           | || |           | |   | |
           | || |           | |   | |
           |_||_|           |_|   |_|
          /_//_/           /_/   /_/
Our 'Bambi' looks hungry. Let's go to feed it!
---
You've reached the end of the program. To check another habitat, please restart the watcher.
> 3
Please enter the number of the habitat you would like to view:
Switching on the camera in the goose habitat...

                                    _
                                ,-"" "".
                              ,'  ____  `.
                            ,'  ,'    `.  `._
   (`.         _..--.._   ,'  ,'        \    \
  (`-.\    .-""        ""'   /          (  d _b
 (`._  `-"" ,._             (            `-(   \
 <_  `     (  <`<            \              `-._\
  <`-       (__< <           :
   (__        (_<_<          ;
    `------------------------------------------
The goose is staring intently at you... Maybe it's time to change the channel?
---
You've reached the end of the program. To check another habitat, please restart the watcher.
> 4
Please enter the number of the habitat you would like to view:
Switching on the camera in the bat habitat...
_________________               _________________
 ~-.              \  |\___/|  /              .-~
     ~-.           \ / o o \ /           .-~
        >           \  W  //           <
       /             /~---~\             \
      /_            |       |            _\
         ~-.        |       |        .-~
            ;        \     /        i
           /___      /\   /\      ___\
                ~-. /  \_/  \ .-~
                   V         V
This bat looks like it's doing fine.
---
You've reached the end of the program. To check another habitat, please restart the watcher.
> 5
Please enter the number of the habitat you would like to view:
Switching on the camera in the rabbit habitat...
         ,
        /|      __
       / |   ,-~ /
      Y :|  //  /
      | jj /( .^
      >-"~"-v"
     /       Y
    jo  o    |
   ( ~T~     j
    >._-' _./
   /   "~"  |
  Y     _,  |
 /| ;-"~ _  l
/ l/ ,-"~    \
\//\/      .- \
 Y        /    Y
 l       I     !
 ]\      _\    /"\
(" ~----( ~   Y.  )
It looks like we will soon have more rabbits!
---
You've reached the end of the program. To check another habitat, please restart the watcher.
> exit
]]></system-out>
  <system-err><![CDATA[]]></system-err>
</testsuite>
